{"/home/travis/build/IFS49F/poker/src/googleAnalytics.js": {"path":"/home/travis/build/IFS49F/poker/src/googleAnalytics.js","statementMap":{"0":{"start":{"line":1,"column":13},"end":{"line":1,"column":75}},"1":{"start":{"line":1,"column":75},"end":{"line":2,"column":16}},"2":{"start":{"line":3,"column":2},"end":{"line":11,"column":3}},"3":{"start":{"line":4,"column":4},"end":{"line":7,"column":90}},"4":{"start":{"line":4,"column":37},"end":{"line":4,"column":68}},"5":{"start":{"line":4,"column":68},"end":{"line":5,"column":75}},"6":{"start":{"line":5,"column":8},"end":{"line":5,"column":48}},"7":{"start":{"line":5,"column":75},"end":{"line":6,"column":39}},"8":{"start":{"line":6,"column":39},"end":{"line":6,"column":51}},"9":{"start":{"line":6,"column":51},"end":{"line":6,"column":61}},"10":{"start":{"line":6,"column":61},"end":{"line":6,"column":93}},"11":{"start":{"line":9,"column":4},"end":{"line":9,"column":54}},"12":{"start":{"line":10,"column":4},"end":{"line":10,"column":27}}},"fnMap":{"0":{"name":"googleAnalytics","decl":{"start":{"line":2,"column":46},"end":{"line":2,"column":61}},"loc":{"start":{"line":2,"column":64},"end":{"line":12,"column":1}},"line":2},"1":{"name":"(anonymous_1)","decl":{"start":{"line":4,"column":5},"end":{"line":4,"column":6}},"loc":{"start":{"line":4,"column":36},"end":{"line":7,"column":5}},"line":4},"2":{"name":"(anonymous_2)","decl":{"start":{"line":4,"column":83},"end":{"line":4,"column":84}},"loc":{"start":{"line":4,"column":95},"end":{"line":5,"column":49}},"line":4}},"branchMap":{"0":{"loc":{"start":{"line":3,"column":2},"end":{"line":11,"column":3}},"type":"if","locations":[{"start":{"line":3,"column":2},"end":{"line":11,"column":3}},{"start":{"line":3,"column":2},"end":{"line":11,"column":3}}],"line":3},"1":{"loc":{"start":{"line":3,"column":6},"end":{"line":3,"column":74}},"type":"binary-expr","locations":[{"start":{"line":3,"column":6},"end":{"line":3,"column":43}},{"start":{"line":3,"column":47},"end":{"line":3,"column":74}}],"line":3},"2":{"loc":{"start":{"line":4,"column":75},"end":{"line":5,"column":49}},"type":"binary-expr","locations":[{"start":{"line":4,"column":75},"end":{"line":4,"column":79}},{"start":{"line":4,"column":83},"end":{"line":5,"column":49}}],"line":4},"3":{"loc":{"start":{"line":5,"column":18},"end":{"line":5,"column":30}},"type":"binary-expr","locations":[{"start":{"line":5,"column":18},"end":{"line":5,"column":24}},{"start":{"line":5,"column":28},"end":{"line":5,"column":30}}],"line":5}},"s":{"0":0,"1":0,"2":0,"3":0,"4":0,"5":0,"6":0,"7":0,"8":0,"9":0,"10":0,"11":0,"12":0},"f":{"0":0,"1":0,"2":0},"b":{"0":[0,0],"1":[0,0],"2":[0,0],"3":[0,0]}}
,"/home/travis/build/IFS49F/poker/src/index.js": {"path":"/home/travis/build/IFS49F/poker/src/index.js","statementMap":{"0":{"start":{"line":1,"column":32},"end":{"line":1,"column":78}},"1":{"start":{"line":1,"column":92},"end":{"line":1,"column":108}},"2":{"start":{"line":1,"column":123},"end":{"line":1,"column":153}},"3":{"start":{"line":2,"column":16},"end":{"line":2,"column":36}},"4":{"start":{"line":2,"column":54},"end":{"line":2,"column":87}},"5":{"start":{"line":3,"column":11},"end":{"line":3,"column":35}},"6":{"start":{"line":3,"column":48},"end":{"line":3,"column":76}},"7":{"start":{"line":5,"column":29},"end":{"line":5,"column":63}},"8":{"start":{"line":5,"column":94},"end":{"line":5,"column":140}},"9":{"start":{"line":6,"column":23},"end":{"line":6,"column":51}},"10":{"start":{"line":6,"column":76},"end":{"line":6,"column":116}},"11":{"start":{"line":7,"column":0},"end":{"line":7,"column":23}},"12":{"start":{"line":7,"column":61},"end":{"line":7,"column":115}},"13":{"start":{"line":9,"column":0},"end":{"line":9,"column":33}},"14":{"start":{"line":11,"column":0},"end":{"line":13,"column":33}},"15":{"start":{"line":16,"column":0},"end":{"line":16,"column":39}}},"fnMap":{"0":{"name":"_interopRequireDefault","decl":{"start":{"line":7,"column":32},"end":{"line":7,"column":54}},"loc":{"start":{"line":7,"column":60},"end":{"line":7,"column":116}},"line":7}},"branchMap":{"0":{"loc":{"start":{"line":7,"column":68},"end":{"line":7,"column":114}},"type":"cond-expr","locations":[{"start":{"line":7,"column":92},"end":{"line":7,"column":95}},{"start":{"line":7,"column":98},"end":{"line":7,"column":114}}],"line":7},"1":{"loc":{"start":{"line":7,"column":68},"end":{"line":7,"column":89}},"type":"binary-expr","locations":[{"start":{"line":7,"column":68},"end":{"line":7,"column":71}},{"start":{"line":7,"column":75},"end":{"line":7,"column":89}}],"line":7}},"s":{"0":0,"1":0,"2":0,"3":0,"4":0,"5":0,"6":0,"7":0,"8":0,"9":0,"10":0,"11":0,"12":0,"13":0,"14":0,"15":0},"f":{"0":0},"b":{"0":[0,0],"1":[0,0]}}
,"/home/travis/build/IFS49F/poker/src/registerServiceWorker.js": {"path":"/home/travis/build/IFS49F/poker/src/registerServiceWorker.js","statementMap":{"0":{"start":{"line":1,"column":13},"end":{"line":1,"column":75}},"1":{"start":{"line":1,"column":75},"end":{"line":11,"column":9}},"2":{"start":{"line":11,"column":9},"end":{"line":45,"column":24}},"3":{"start":{"line":52,"column":21},"end":{"line":59,"column":164}},"4":{"start":{"line":52,"column":97},"end":{"line":59,"column":163}},"5":{"start":{"line":52,"column":150},"end":{"line":52,"column":195}},"6":{"start":{"line":52,"column":196},"end":{"line":59,"column":160}},"7":{"start":{"line":52,"column":258},"end":{"line":59,"column":72}},"8":{"start":{"line":52,"column":319},"end":{"line":52,"column":342}},"9":{"start":{"line":52,"column":343},"end":{"line":59,"column":70}},"10":{"start":{"line":52,"column":383},"end":{"line":59,"column":68}},"11":{"start":{"line":52,"column":428},"end":{"line":59,"column":67}},"12":{"start":{"line":56,"column":16},"end":{"line":56,"column":73}},"13":{"start":{"line":59,"column":16},"end":{"line":59,"column":66}},"14":{"start":{"line":59,"column":91},"end":{"line":59,"column":157}},"15":{"start":{"line":59,"column":188},"end":{"line":59,"column":305}},"16":{"start":{"line":59,"column":223},"end":{"line":59,"column":304}},"17":{"start":{"line":59,"column":275},"end":{"line":59,"column":301}}},"fnMap":{"0":{"name":"register","decl":{"start":{"line":52,"column":9},"end":{"line":52,"column":17}},"loc":{"start":{"line":52,"column":20},"end":{"line":59,"column":165}},"line":52},"1":{"name":"(anonymous_1)","decl":{"start":{"line":52,"column":129},"end":{"line":52,"column":130}},"loc":{"start":{"line":52,"column":135},"end":{"line":59,"column":161}},"line":52},"2":{"name":"(anonymous_2)","decl":{"start":{"line":52,"column":241},"end":{"line":52,"column":242}},"loc":{"start":{"line":52,"column":257},"end":{"line":59,"column":73}},"line":52},"3":{"name":"(anonymous_3)","decl":{"start":{"line":52,"column":287},"end":{"line":52,"column":288}},"loc":{"start":{"line":52,"column":293},"end":{"line":59,"column":71}},"line":52},"4":{"name":"(anonymous_4)","decl":{"start":{"line":52,"column":376},"end":{"line":52,"column":377}},"loc":{"start":{"line":52,"column":382},"end":{"line":59,"column":69}},"line":52},"5":{"name":"(anonymous_5)","decl":{"start":{"line":59,"column":81},"end":{"line":59,"column":82}},"loc":{"start":{"line":59,"column":90},"end":{"line":59,"column":158}},"line":59},"6":{"name":"unregister","decl":{"start":{"line":59,"column":174},"end":{"line":59,"column":184}},"loc":{"start":{"line":59,"column":187},"end":{"line":59,"column":306}},"line":59},"7":{"name":"(anonymous_7)","decl":{"start":{"line":59,"column":258},"end":{"line":59,"column":259}},"loc":{"start":{"line":59,"column":274},"end":{"line":59,"column":302}},"line":59}},"branchMap":{"0":{"loc":{"start":{"line":52,"column":21},"end":{"line":59,"column":164}},"type":"if","locations":[{"start":{"line":52,"column":21},"end":{"line":59,"column":164}},{"start":{"line":52,"column":21},"end":{"line":59,"column":164}}],"line":52},"1":{"loc":{"start":{"line":52,"column":25},"end":{"line":52,"column":94}},"type":"binary-expr","locations":[{"start":{"line":52,"column":25},"end":{"line":52,"column":62}},{"start":{"line":52,"column":66},"end":{"line":52,"column":94}}],"line":52},"2":{"loc":{"start":{"line":52,"column":383},"end":{"line":59,"column":68}},"type":"if","locations":[{"start":{"line":52,"column":383},"end":{"line":59,"column":68}},{"start":{"line":52,"column":383},"end":{"line":59,"column":68}}],"line":52},"3":{"loc":{"start":{"line":52,"column":428},"end":{"line":59,"column":67}},"type":"if","locations":[{"start":{"line":52,"column":428},"end":{"line":59,"column":67}},{"start":{"line":52,"column":428},"end":{"line":59,"column":67}}],"line":52},"4":{"loc":{"start":{"line":59,"column":188},"end":{"line":59,"column":305}},"type":"if","locations":[{"start":{"line":59,"column":188},"end":{"line":59,"column":305}},{"start":{"line":59,"column":188},"end":{"line":59,"column":305}}],"line":59}},"s":{"0":0,"1":0,"2":0,"3":0,"4":0,"5":0,"6":0,"7":0,"8":0,"9":0,"10":0,"11":0,"12":0,"13":0,"14":0,"15":0,"16":0,"17":0},"f":{"0":0,"1":0,"2":0,"3":0,"4":0,"5":0,"6":0,"7":0},"b":{"0":[0,0],"1":[0,0],"2":[0,0],"3":[0,0],"4":[0,0]}}
,"/home/travis/build/IFS49F/poker/src/components/Actions/Actions.js": {"path":"/home/travis/build/IFS49F/poker/src/components/Actions/Actions.js","statementMap":{"0":{"start":{"line":6,"column":27},"end":{"line":10,"column":1}},"1":{"start":{"line":7,"column":2},"end":{"line":9,"column":43}},"2":{"start":{"line":12,"column":16},"end":{"line":36,"column":1}},"3":{"start":{"line":13,"column":20},"end":{"line":20,"column":4}},"4":{"start":{"line":14,"column":24},"end":{"line":14,"column":85}},"5":{"start":{"line":15,"column":4},"end":{"line":19,"column":6}},"6":{"start":{"line":22,"column":2},"end":{"line":35,"column":4}}},"fnMap":{"0":{"name":"(anonymous_0)","decl":{"start":{"line":6,"column":27},"end":{"line":6,"column":28}},"loc":{"start":{"line":7,"column":2},"end":{"line":9,"column":43}},"line":7},"1":{"name":"(anonymous_1)","decl":{"start":{"line":12,"column":16},"end":{"line":12,"column":17}},"loc":{"start":{"line":12,"column":64},"end":{"line":36,"column":1}},"line":12},"2":{"name":"(anonymous_2)","decl":{"start":{"line":13,"column":36},"end":{"line":13,"column":37}},"loc":{"start":{"line":13,"column":46},"end":{"line":20,"column":3}},"line":13}},"branchMap":{"0":{"loc":{"start":{"line":7,"column":2},"end":{"line":9,"column":43}},"type":"cond-expr","locations":[{"start":{"line":8,"column":6},"end":{"line":8,"column":29}},{"start":{"line":9,"column":6},"end":{"line":9,"column":43}}],"line":7},"1":{"loc":{"start":{"line":28,"column":9},"end":{"line":32,"column":9}},"type":"cond-expr","locations":[{"start":{"line":29,"column":10},"end":{"line":29,"column":78}},{"start":{"line":31,"column":10},"end":{"line":31,"column":57}}],"line":28}},"s":{"0":2,"1":70,"2":2,"3":5,"4":70,"5":70,"6":5},"f":{"0":70,"1":5,"2":70},"b":{"0":[20,50],"1":[1,4]},"_coverageSchema":"332fd63041d2c1bcb487cc26dd0d5f7d97098a6c","hash":"7d2a354cf018b9219aa48b47b3017fd3d151d192"}
,"/home/travis/build/IFS49F/poker/src/components/Card/Card.js": {"path":"/home/travis/build/IFS49F/poker/src/components/Card/Card.js","statementMap":{"0":{"start":{"line":5,"column":13},"end":{"line":22,"column":1}},"1":{"start":{"line":6,"column":20},"end":{"line":6,"column":66}},"2":{"start":{"line":8,"column":2},"end":{"line":21,"column":4}}},"fnMap":{"0":{"name":"(anonymous_0)","decl":{"start":{"line":5,"column":13},"end":{"line":5,"column":14}},"loc":{"start":{"line":5,"column":58},"end":{"line":22,"column":1}},"line":5}},"branchMap":{"0":{"loc":{"start":{"line":12,"column":10},"end":{"line":16,"column":19}},"type":"cond-expr","locations":[{"start":{"line":13,"column":12},"end":{"line":13,"column":14}},{"start":{"line":14,"column":12},"end":{"line":16,"column":19}}],"line":12},"1":{"loc":{"start":{"line":14,"column":12},"end":{"line":16,"column":19}},"type":"cond-expr","locations":[{"start":{"line":15,"column":14},"end":{"line":15,"column":18}},{"start":{"line":16,"column":14},"end":{"line":16,"column":19}}],"line":14}},"s":{"0":3,"1":6,"2":6},"f":{"0":6},"b":{"0":[4,2],"1":[1,1]},"_coverageSchema":"332fd63041d2c1bcb487cc26dd0d5f7d97098a6c","hash":"342b2dfa5bfc27ae1277e27caa23352d6cf36eed"}
,"/home/travis/build/IFS49F/poker/src/components/Join/Join.js": {"path":"/home/travis/build/IFS49F/poker/src/components/Join/Join.js","statementMap":{"0":{"start":{"line":6,"column":4},"end":{"line":6,"column":17}},"1":{"start":{"line":7,"column":4},"end":{"line":9,"column":6}},"2":{"start":{"line":13,"column":4},"end":{"line":15,"column":7}},"3":{"start":{"line":19,"column":4},"end":{"line":19,"column":23}},"4":{"start":{"line":20,"column":4},"end":{"line":20,"column":43}},"5":{"start":{"line":24,"column":4},"end":{"line":40,"column":6}}},"fnMap":{"0":{"name":"(anonymous_0)","decl":{"start":{"line":5,"column":2},"end":{"line":5,"column":3}},"loc":{"start":{"line":5,"column":21},"end":{"line":10,"column":3}},"line":5},"1":{"name":"(anonymous_1)","decl":{"start":{"line":12,"column":17},"end":{"line":12,"column":18}},"loc":{"start":{"line":12,"column":24},"end":{"line":16,"column":3}},"line":12},"2":{"name":"(anonymous_2)","decl":{"start":{"line":18,"column":17},"end":{"line":18,"column":18}},"loc":{"start":{"line":18,"column":24},"end":{"line":21,"column":3}},"line":18},"3":{"name":"(anonymous_3)","decl":{"start":{"line":23,"column":2},"end":{"line":23,"column":3}},"loc":{"start":{"line":23,"column":11},"end":{"line":41,"column":3}},"line":23}},"branchMap":{},"s":{"0":4,"1":4,"2":1,"3":1,"4":1,"5":5},"f":{"0":4,"1":1,"2":1,"3":5},"b":{},"_coverageSchema":"332fd63041d2c1bcb487cc26dd0d5f7d97098a6c","hash":"2e7feded9e2d21ac6d6ff90a3f5b6b5837bc4bc0"}
,"/home/travis/build/IFS49F/poker/src/components/Notification/Notification.js": {"path":"/home/travis/build/IFS49F/poker/src/components/Notification/Notification.js","statementMap":{"0":{"start":{"line":4,"column":21},"end":{"line":12,"column":1}},"1":{"start":{"line":5,"column":2},"end":{"line":11,"column":4}}},"fnMap":{"0":{"name":"(anonymous_0)","decl":{"start":{"line":4,"column":21},"end":{"line":4,"column":22}},"loc":{"start":{"line":4,"column":56},"end":{"line":12,"column":1}},"line":4}},"branchMap":{},"s":{"0":2,"1":4},"f":{"0":4},"b":{},"_coverageSchema":"332fd63041d2c1bcb487cc26dd0d5f7d97098a6c","hash":"92138bcd9b22b50ae8382b3791839e9a0233951b"}
,"/home/travis/build/IFS49F/poker/src/components/Share/Share.js": {"path":"/home/travis/build/IFS49F/poker/src/components/Share/Share.js","statementMap":{"0":{"start":{"line":4,"column":23},"end":{"line":4,"column":43}},"1":{"start":{"line":8,"column":4},"end":{"line":8,"column":17}},"2":{"start":{"line":9,"column":4},"end":{"line":11,"column":6}},"3":{"start":{"line":15,"column":4},"end":{"line":15,"column":23}},"4":{"start":{"line":16,"column":4},"end":{"line":16,"column":28}},"5":{"start":{"line":17,"column":4},"end":{"line":17,"column":33}},"6":{"start":{"line":18,"column":4},"end":{"line":18,"column":42}},"7":{"start":{"line":22,"column":4},"end":{"line":22,"column":47}},"8":{"start":{"line":26,"column":25},"end":{"line":26,"column":35}},"9":{"start":{"line":27,"column":20},"end":{"line":27,"column":65}},"10":{"start":{"line":28,"column":17},"end":{"line":28,"column":58}},"11":{"start":{"line":30,"column":4},"end":{"line":42,"column":6}},"12":{"start":{"line":33,"column":58},"end":{"line":33,"column":81}}},"fnMap":{"0":{"name":"(anonymous_0)","decl":{"start":{"line":7,"column":2},"end":{"line":7,"column":3}},"loc":{"start":{"line":7,"column":21},"end":{"line":12,"column":3}},"line":7},"1":{"name":"(anonymous_1)","decl":{"start":{"line":14,"column":15},"end":{"line":14,"column":16}},"loc":{"start":{"line":14,"column":22},"end":{"line":19,"column":3}},"line":14},"2":{"name":"(anonymous_2)","decl":{"start":{"line":21,"column":15},"end":{"line":21,"column":16}},"loc":{"start":{"line":21,"column":22},"end":{"line":23,"column":3}},"line":21},"3":{"name":"(anonymous_3)","decl":{"start":{"line":25,"column":2},"end":{"line":25,"column":3}},"loc":{"start":{"line":25,"column":11},"end":{"line":43,"column":3}},"line":25},"4":{"name":"(anonymous_4)","decl":{"start":{"line":33,"column":45},"end":{"line":33,"column":46}},"loc":{"start":{"line":33,"column":56},"end":{"line":33,"column":83}},"line":33}},"branchMap":{},"s":{"0":2,"1":4,"2":4,"3":1,"4":1,"5":1,"6":1,"7":1,"8":6,"9":6,"10":6,"11":6,"12":5},"f":{"0":4,"1":1,"2":1,"3":6,"4":5},"b":{},"_coverageSchema":"332fd63041d2c1bcb487cc26dd0d5f7d97098a6c","hash":"f560f6b456d93e1e3b28a02334ee74cd24d9911c"}
,"/home/travis/build/IFS49F/poker/src/components/SpeechBallon/SpeechBallon.js": {"path":"/home/travis/build/IFS49F/poker/src/components/SpeechBallon/SpeechBallon.js","statementMap":{"0":{"start":{"line":5,"column":21},"end":{"line":13,"column":1}},"1":{"start":{"line":6,"column":28},"end":{"line":6,"column":61}},"2":{"start":{"line":8,"column":2},"end":{"line":12,"column":4}}},"fnMap":{"0":{"name":"(anonymous_0)","decl":{"start":{"line":5,"column":21},"end":{"line":5,"column":22}},"loc":{"start":{"line":5,"column":46},"end":{"line":13,"column":1}},"line":5}},"branchMap":{},"s":{"0":3,"1":2,"2":2},"f":{"0":2},"b":{},"_coverageSchema":"332fd63041d2c1bcb487cc26dd0d5f7d97098a6c","hash":"ee1699a12dc0daaf15dcce455aeb0a0a4cbfc009"}
,"/home/travis/build/IFS49F/poker/src/components/Summary/Summary.js": {"path":"/home/travis/build/IFS49F/poker/src/components/Summary/Summary.js","statementMap":{"0":{"start":{"line":4,"column":16},"end":{"line":39,"column":1}},"1":{"start":{"line":5,"column":14},"end":{"line":5,"column":16}},"2":{"start":{"line":6,"column":2},"end":{"line":15,"column":7}},"3":{"start":{"line":9,"column":6},"end":{"line":9,"column":59}},"4":{"start":{"line":9,"column":52},"end":{"line":9,"column":59}},"5":{"start":{"line":10,"column":6},"end":{"line":14,"column":7}},"6":{"start":{"line":11,"column":8},"end":{"line":11,"column":27}},"7":{"start":{"line":13,"column":8},"end":{"line":13,"column":29}},"8":{"start":{"line":16,"column":20},"end":{"line":30,"column":5}},"9":{"start":{"line":18,"column":21},"end":{"line":18,"column":32}},"10":{"start":{"line":20,"column":6},"end":{"line":29,"column":11}},"11":{"start":{"line":22,"column":32},"end":{"line":22,"column":59}},"12":{"start":{"line":23,"column":32},"end":{"line":23,"column":55}},"13":{"start":{"line":24,"column":32},"end":{"line":24,"column":59}},"14":{"start":{"line":25,"column":30},"end":{"line":25,"column":53}},"15":{"start":{"line":32,"column":2},"end":{"line":38,"column":4}}},"fnMap":{"0":{"name":"(anonymous_0)","decl":{"start":{"line":4,"column":16},"end":{"line":4,"column":17}},"loc":{"start":{"line":4,"column":53},"end":{"line":39,"column":1}},"line":4},"1":{"name":"(anonymous_1)","decl":{"start":{"line":8,"column":13},"end":{"line":8,"column":14}},"loc":{"start":{"line":8,"column":22},"end":{"line":15,"column":5}},"line":8},"2":{"name":"(anonymous_2)","decl":{"start":{"line":18,"column":10},"end":{"line":18,"column":11}},"loc":{"start":{"line":18,"column":21},"end":{"line":18,"column":32}},"line":18},"3":{"name":"(anonymous_3)","decl":{"start":{"line":19,"column":9},"end":{"line":19,"column":10}},"loc":{"start":{"line":20,"column":6},"end":{"line":29,"column":11}},"line":20},"4":{"name":"(anonymous_4)","decl":{"start":{"line":22,"column":24},"end":{"line":22,"column":25}},"loc":{"start":{"line":22,"column":30},"end":{"line":22,"column":61}},"line":22},"5":{"name":"(anonymous_5)","decl":{"start":{"line":23,"column":24},"end":{"line":23,"column":25}},"loc":{"start":{"line":23,"column":30},"end":{"line":23,"column":57}},"line":23},"6":{"name":"(anonymous_6)","decl":{"start":{"line":24,"column":24},"end":{"line":24,"column":25}},"loc":{"start":{"line":24,"column":30},"end":{"line":24,"column":61}},"line":24},"7":{"name":"(anonymous_7)","decl":{"start":{"line":25,"column":22},"end":{"line":25,"column":23}},"loc":{"start":{"line":25,"column":28},"end":{"line":25,"column":55}},"line":25}},"branchMap":{"0":{"loc":{"start":{"line":9,"column":6},"end":{"line":9,"column":59}},"type":"if","locations":[{"start":{"line":9,"column":6},"end":{"line":9,"column":59}},{"start":{"line":9,"column":6},"end":{"line":9,"column":59}}],"line":9},"1":{"loc":{"start":{"line":9,"column":10},"end":{"line":9,"column":50}},"type":"binary-expr","locations":[{"start":{"line":9,"column":10},"end":{"line":9,"column":14}},{"start":{"line":9,"column":18},"end":{"line":9,"column":28}},{"start":{"line":9,"column":32},"end":{"line":9,"column":50}}],"line":9},"2":{"loc":{"start":{"line":10,"column":6},"end":{"line":14,"column":7}},"type":"if","locations":[{"start":{"line":10,"column":6},"end":{"line":14,"column":7}},{"start":{"line":10,"column":6},"end":{"line":14,"column":7}}],"line":10}},"s":{"0":2,"1":4,"2":4,"3":20,"4":4,"5":16,"6":4,"7":12,"8":4,"9":8,"10":12,"11":0,"12":0,"13":0,"14":0,"15":4},"f":{"0":4,"1":20,"2":8,"3":12,"4":0,"5":0,"6":0,"7":0},"b":{"0":[4,16],"1":[20,20,16],"2":[4,12]},"_coverageSchema":"332fd63041d2c1bcb487cc26dd0d5f7d97098a6c","hash":"da4a8f29e05cbcd683893f3b1ca9fcfdcff14428"}
,"/home/travis/build/IFS49F/poker/src/components/Votes/Votes.js": {"path":"/home/travis/build/IFS49F/poker/src/components/Votes/Votes.js","statementMap":{"0":{"start":{"line":7,"column":17},"end":{"line":9,"column":45}},"1":{"start":{"line":9,"column":25},"end":{"line":9,"column":43}},"2":{"start":{"line":11,"column":13},"end":{"line":18,"column":1}},"3":{"start":{"line":12,"column":2},"end":{"line":17,"column":18}},"4":{"start":{"line":20,"column":15},"end":{"line":27,"column":1}},"5":{"start":{"line":21,"column":2},"end":{"line":26,"column":18}},"6":{"start":{"line":29,"column":14},"end":{"line":36,"column":1}},"7":{"start":{"line":30,"column":2},"end":{"line":35,"column":18}},"8":{"start":{"line":38,"column":14},"end":{"line":103,"column":1}},"9":{"start":{"line":39,"column":20},"end":{"line":68,"column":5}},"10":{"start":{"line":41,"column":20},"end":{"line":41,"column":52}},"11":{"start":{"line":43,"column":6},"end":{"line":67,"column":13}},"12":{"start":{"line":69,"column":2},"end":{"line":102,"column":4}}},"fnMap":{"0":{"name":"(anonymous_0)","decl":{"start":{"line":9,"column":15},"end":{"line":9,"column":16}},"loc":{"start":{"line":9,"column":25},"end":{"line":9,"column":43}},"line":9},"1":{"name":"(anonymous_1)","decl":{"start":{"line":11,"column":13},"end":{"line":11,"column":14}},"loc":{"start":{"line":12,"column":2},"end":{"line":17,"column":18}},"line":12},"2":{"name":"(anonymous_2)","decl":{"start":{"line":20,"column":15},"end":{"line":20,"column":16}},"loc":{"start":{"line":21,"column":2},"end":{"line":26,"column":18}},"line":21},"3":{"name":"(anonymous_3)","decl":{"start":{"line":29,"column":14},"end":{"line":29,"column":15}},"loc":{"start":{"line":30,"column":2},"end":{"line":35,"column":18}},"line":30},"4":{"name":"(anonymous_4)","decl":{"start":{"line":38,"column":14},"end":{"line":38,"column":15}},"loc":{"start":{"line":38,"column":77},"end":{"line":103,"column":1}},"line":38},"5":{"name":"(anonymous_5)","decl":{"start":{"line":41,"column":10},"end":{"line":41,"column":11}},"loc":{"start":{"line":41,"column":20},"end":{"line":41,"column":52}},"line":41},"6":{"name":"(anonymous_6)","decl":{"start":{"line":42,"column":9},"end":{"line":42,"column":10}},"loc":{"start":{"line":43,"column":6},"end":{"line":67,"column":13}},"line":43}},"branchMap":{"0":{"loc":{"start":{"line":7,"column":17},"end":{"line":9,"column":45}},"type":"cond-expr","locations":[{"start":{"line":8,"column":4},"end":{"line":8,"column":23}},{"start":{"line":9,"column":4},"end":{"line":9,"column":45}}],"line":7},"1":{"loc":{"start":{"line":7,"column":17},"end":{"line":7,"column":45}},"type":"binary-expr","locations":[{"start":{"line":7,"column":17},"end":{"line":7,"column":21}},{"start":{"line":7,"column":26},"end":{"line":7,"column":44}}],"line":7},"2":{"loc":{"start":{"line":46,"column":24},"end":{"line":46,"column":81}},"type":"binary-expr","locations":[{"start":{"line":46,"column":24},"end":{"line":46,"column":47}},{"start":{"line":46,"column":51},"end":{"line":46,"column":81}}],"line":46},"3":{"loc":{"start":{"line":48,"column":27},"end":{"line":48,"column":85}},"type":"binary-expr","locations":[{"start":{"line":48,"column":27},"end":{"line":48,"column":58}},{"start":{"line":48,"column":62},"end":{"line":48,"column":85}}],"line":48},"4":{"loc":{"start":{"line":55,"column":15},"end":{"line":62,"column":15}},"type":"binary-expr","locations":[{"start":{"line":55,"column":15},"end":{"line":55,"column":38}},{"start":{"line":55,"column":42},"end":{"line":55,"column":74}},{"start":{"line":56,"column":16},"end":{"line":61,"column":24}}],"line":55},"5":{"loc":{"start":{"line":72,"column":9},"end":{"line":98,"column":9}},"type":"binary-expr","locations":[{"start":{"line":72,"column":9},"end":{"line":72,"column":11}},{"start":{"line":73,"column":10},"end":{"line":97,"column":17}}],"line":72},"6":{"loc":{"start":{"line":76,"column":28},"end":{"line":76,"column":77}},"type":"binary-expr","locations":[{"start":{"line":76,"column":28},"end":{"line":76,"column":47}},{"start":{"line":76,"column":51},"end":{"line":76,"column":77}}],"line":76},"7":{"loc":{"start":{"line":78,"column":31},"end":{"line":78,"column":84}},"type":"binary-expr","locations":[{"start":{"line":78,"column":31},"end":{"line":78,"column":57}},{"start":{"line":78,"column":61},"end":{"line":78,"column":84}}],"line":78},"8":{"loc":{"start":{"line":85,"column":19},"end":{"line":92,"column":19}},"type":"binary-expr","locations":[{"start":{"line":85,"column":19},"end":{"line":85,"column":38}},{"start":{"line":85,"column":42},"end":{"line":85,"column":70}},{"start":{"line":86,"column":20},"end":{"line":91,"column":28}}],"line":85}},"s":{"0":2,"1":0,"2":2,"3":0,"4":2,"5":0,"6":2,"7":0,"8":2,"9":4,"10":16,"11":16,"12":4},"f":{"0":0,"1":0,"2":0,"3":0,"4":4,"5":16,"6":16},"b":{"0":[2,0],"1":[2,2],"2":[16,0],"3":[16,0],"4":[16,0,0],"5":[4,3],"6":[3,0],"7":[3,3],"8":[3,0,0]},"_coverageSchema":"332fd63041d2c1bcb487cc26dd0d5f7d97098a6c","hash":"7287c077c42a15cd4603b4e643c7d95ea8b93a49"}
,"/home/travis/build/IFS49F/poker/src/lib/constants.js": {"path":"/home/travis/build/IFS49F/poker/src/lib/constants.js","statementMap":{"0":{"start":{"line":1,"column":20},"end":{"line":1,"column":76}}},"fnMap":{},"branchMap":{},"s":{"0":2},"f":{},"b":{},"_coverageSchema":"332fd63041d2c1bcb487cc26dd0d5f7d97098a6c","hash":"783bea3a589a7e30f8136c533775e642cc020778"}
,"/home/travis/build/IFS49F/poker/src/lib/player-state-pinger.js": {"path":"/home/travis/build/IFS49F/poker/src/lib/player-state-pinger.js","statementMap":{"0":{"start":{"line":3,"column":4},"end":{"line":3,"column":35}},"1":{"start":{"line":4,"column":4},"end":{"line":4,"column":23}},"2":{"start":{"line":8,"column":4},"end":{"line":8,"column":48}},"3":{"start":{"line":9,"column":4},"end":{"line":9,"column":63}},"4":{"start":{"line":9,"column":34},"end":{"line":9,"column":63}},"5":{"start":{"line":10,"column":4},"end":{"line":10,"column":85}},"6":{"start":{"line":10,"column":40},"end":{"line":10,"column":85}},"7":{"start":{"line":11,"column":4},"end":{"line":14,"column":16}},"8":{"start":{"line":12,"column":6},"end":{"line":12,"column":54}},"9":{"start":{"line":13,"column":6},"end":{"line":13,"column":44}},"10":{"start":{"line":18,"column":4},"end":{"line":27,"column":8}},"11":{"start":{"line":18,"column":32},"end":{"line":27,"column":5}},"12":{"start":{"line":31,"column":4},"end":{"line":34,"column":5}},"13":{"start":{"line":32,"column":6},"end":{"line":33,"column":29}},"14":{"start":{"line":32,"column":35},"end":{"line":32,"column":59}},"15":{"start":{"line":33,"column":11},"end":{"line":33,"column":29}}},"fnMap":{"0":{"name":"(anonymous_0)","decl":{"start":{"line":2,"column":2},"end":{"line":2,"column":3}},"loc":{"start":{"line":2,"column":21},"end":{"line":5,"column":3}},"line":2},"1":{"name":"(anonymous_1)","decl":{"start":{"line":7,"column":2},"end":{"line":7,"column":3}},"loc":{"start":{"line":7,"column":58},"end":{"line":15,"column":3}},"line":7},"2":{"name":"(anonymous_2)","decl":{"start":{"line":11,"column":48},"end":{"line":11,"column":49}},"loc":{"start":{"line":11,"column":54},"end":{"line":14,"column":5}},"line":11},"3":{"name":"(anonymous_3)","decl":{"start":{"line":17,"column":2},"end":{"line":17,"column":3}},"loc":{"start":{"line":17,"column":41},"end":{"line":28,"column":3}},"line":17},"4":{"name":"(anonymous_4)","decl":{"start":{"line":18,"column":18},"end":{"line":18,"column":19}},"loc":{"start":{"line":18,"column":32},"end":{"line":27,"column":5}},"line":18},"5":{"name":"(anonymous_5)","decl":{"start":{"line":30,"column":2},"end":{"line":30,"column":3}},"loc":{"start":{"line":30,"column":42},"end":{"line":35,"column":3}},"line":30}},"branchMap":{"0":{"loc":{"start":{"line":7,"column":35},"end":{"line":7,"column":47}},"type":"default-arg","locations":[{"start":{"line":7,"column":43},"end":{"line":7,"column":47}}],"line":7},"1":{"loc":{"start":{"line":9,"column":4},"end":{"line":9,"column":63}},"type":"if","locations":[{"start":{"line":9,"column":4},"end":{"line":9,"column":63}},{"start":{"line":9,"column":4},"end":{"line":9,"column":63}}],"line":9},"2":{"loc":{"start":{"line":10,"column":4},"end":{"line":10,"column":85}},"type":"if","locations":[{"start":{"line":10,"column":4},"end":{"line":10,"column":85}},{"start":{"line":10,"column":4},"end":{"line":10,"column":85}}],"line":10},"3":{"loc":{"start":{"line":30,"column":16},"end":{"line":30,"column":40}},"type":"default-arg","locations":[{"start":{"line":30,"column":27},"end":{"line":30,"column":40}}],"line":30},"4":{"loc":{"start":{"line":32,"column":6},"end":{"line":33,"column":29}},"type":"if","locations":[{"start":{"line":32,"column":6},"end":{"line":33,"column":29}},{"start":{"line":32,"column":6},"end":{"line":33,"column":29}}],"line":32}},"s":{"0":1,"1":1,"2":0,"3":0,"4":0,"5":0,"6":0,"7":0,"8":0,"9":0,"10":1,"11":1,"12":0,"13":0,"14":0,"15":0},"f":{"0":1,"1":0,"2":0,"3":1,"4":1,"5":0},"b":{"0":[0],"1":[0,0],"2":[0,0],"3":[0],"4":[0,0]},"_coverageSchema":"332fd63041d2c1bcb487cc26dd0d5f7d97098a6c","hash":"467a1854f1a252f7d8933f969d7db7a696d2f6df"}
,"/home/travis/build/IFS49F/poker/src/pages/App/App.js": {"path":"/home/travis/build/IFS49F/poker/src/pages/App/App.js","statementMap":{"0":{"start":{"line":7,"column":12},"end":{"line":17,"column":1}},"1":{"start":{"line":8,"column":2},"end":{"line":16,"column":8}}},"fnMap":{"0":{"name":"(anonymous_0)","decl":{"start":{"line":7,"column":12},"end":{"line":7,"column":13}},"loc":{"start":{"line":8,"column":2},"end":{"line":16,"column":8}},"line":8}},"branchMap":{},"s":{"0":1,"1":1},"f":{"0":1},"b":{},"_coverageSchema":"332fd63041d2c1bcb487cc26dd0d5f7d97098a6c","hash":"7a4b939d7c3702cb0bb5145041a3bb3cde22cfd0"}
,"/home/travis/build/IFS49F/poker/src/pages/Landing/Landing.js": {"path":"/home/travis/build/IFS49F/poker/src/pages/Landing/Landing.js","statementMap":{"0":{"start":{"line":8,"column":4},"end":{"line":8,"column":17}},"1":{"start":{"line":9,"column":4},"end":{"line":12,"column":6}},"2":{"start":{"line":16,"column":4},"end":{"line":18,"column":7}},"3":{"start":{"line":22,"column":4},"end":{"line":22,"column":23}},"4":{"start":{"line":23,"column":21},"end":{"line":23,"column":69}},"5":{"start":{"line":24,"column":4},"end":{"line":24,"column":38}},"6":{"start":{"line":28,"column":19},"end":{"line":30,"column":5}},"7":{"start":{"line":32,"column":4},"end":{"line":55,"column":6}}},"fnMap":{"0":{"name":"(anonymous_0)","decl":{"start":{"line":7,"column":2},"end":{"line":7,"column":3}},"loc":{"start":{"line":7,"column":21},"end":{"line":13,"column":3}},"line":7},"1":{"name":"(anonymous_1)","decl":{"start":{"line":15,"column":17},"end":{"line":15,"column":18}},"loc":{"start":{"line":15,"column":24},"end":{"line":19,"column":3}},"line":15},"2":{"name":"(anonymous_2)","decl":{"start":{"line":21,"column":17},"end":{"line":21,"column":18}},"loc":{"start":{"line":21,"column":24},"end":{"line":25,"column":3}},"line":21},"3":{"name":"(anonymous_3)","decl":{"start":{"line":27,"column":2},"end":{"line":27,"column":3}},"loc":{"start":{"line":27,"column":11},"end":{"line":56,"column":3}},"line":27}},"branchMap":{"0":{"loc":{"start":{"line":23,"column":21},"end":{"line":23,"column":69}},"type":"binary-expr","locations":[{"start":{"line":23,"column":21},"end":{"line":23,"column":40}},{"start":{"line":23,"column":44},"end":{"line":23,"column":69}}],"line":23}},"s":{"0":7,"1":7,"2":1,"3":2,"4":2,"5":2,"6":10,"7":10},"f":{"0":7,"1":1,"2":2,"3":10},"b":{"0":[2,1]},"_coverageSchema":"332fd63041d2c1bcb487cc26dd0d5f7d97098a6c","hash":"90929321611cffff316abd6c1ffd458c59dd59f8"}
,"/home/travis/build/IFS49F/poker/src/pages/Room/Room.js": {"path":"/home/travis/build/IFS49F/poker/src/pages/Room/Room.js","statementMap":{"0":{"start":{"line":14,"column":13},"end":{"line":21,"column":1}},"1":{"start":{"line":15,"column":2},"end":{"line":20,"column":18}},"2":{"start":{"line":23,"column":17},"end":{"line":30,"column":1}},"3":{"start":{"line":24,"column":2},"end":{"line":29,"column":18}},"4":{"start":{"line":34,"column":4},"end":{"line":34,"column":17}},"5":{"start":{"line":35,"column":4},"end":{"line":44,"column":6}},"6":{"start":{"line":47,"column":4},"end":{"line":47,"column":45}},"7":{"start":{"line":48,"column":4},"end":{"line":48,"column":25}},"8":{"start":{"line":49,"column":4},"end":{"line":49,"column":91}},"9":{"start":{"line":53,"column":4},"end":{"line":53,"column":62}},"10":{"start":{"line":55,"column":4},"end":{"line":68,"column":7}},"11":{"start":{"line":56,"column":17},"end":{"line":56,"column":75}},"12":{"start":{"line":56,"column":46},"end":{"line":56,"column":74}},"13":{"start":{"line":57,"column":19},"end":{"line":57,"column":79}},"14":{"start":{"line":57,"column":50},"end":{"line":57,"column":78}},"15":{"start":{"line":58,"column":31},"end":{"line":58,"column":39}},"16":{"start":{"line":60,"column":6},"end":{"line":65,"column":10}},"17":{"start":{"line":60,"column":34},"end":{"line":65,"column":7}},"18":{"start":{"line":67,"column":6},"end":{"line":67,"column":44}},"19":{"start":{"line":67,"column":18},"end":{"line":67,"column":44}},"20":{"start":{"line":70,"column":4},"end":{"line":76,"column":7}},"21":{"start":{"line":71,"column":6},"end":{"line":75,"column":9}},"22":{"start":{"line":78,"column":4},"end":{"line":82,"column":7}},"23":{"start":{"line":79,"column":6},"end":{"line":81,"column":9}},"24":{"start":{"line":84,"column":4},"end":{"line":90,"column":7}},"25":{"start":{"line":85,"column":6},"end":{"line":85,"column":42}},"26":{"start":{"line":86,"column":25},"end":{"line":86,"column":59}},"27":{"start":{"line":87,"column":6},"end":{"line":89,"column":7}},"28":{"start":{"line":88,"column":8},"end":{"line":88,"column":42}},"29":{"start":{"line":92,"column":4},"end":{"line":92,"column":40}},"30":{"start":{"line":96,"column":4},"end":{"line":96,"column":24}},"31":{"start":{"line":97,"column":4},"end":{"line":97,"column":43}},"32":{"start":{"line":101,"column":4},"end":{"line":112,"column":5}},"33":{"start":{"line":103,"column":8},"end":{"line":103,"column":79}},"34":{"start":{"line":104,"column":8},"end":{"line":104,"column":14}},"35":{"start":{"line":106,"column":8},"end":{"line":106,"column":113}},"36":{"start":{"line":107,"column":8},"end":{"line":107,"column":14}},"37":{"start":{"line":109,"column":8},"end":{"line":109,"column":112}},"38":{"start":{"line":110,"column":8},"end":{"line":110,"column":14}},"39":{"start":{"line":116,"column":4},"end":{"line":116,"column":23}},"40":{"start":{"line":117,"column":4},"end":{"line":117,"column":23}},"41":{"start":{"line":121,"column":17},"end":{"line":121,"column":54}},"42":{"start":{"line":122,"column":4},"end":{"line":122,"column":24}},"43":{"start":{"line":123,"column":4},"end":{"line":131,"column":7}},"44":{"start":{"line":132,"column":4},"end":{"line":132,"column":45}},"45":{"start":{"line":133,"column":4},"end":{"line":133,"column":45}},"46":{"start":{"line":137,"column":18},"end":{"line":137,"column":32}},"47":{"start":{"line":138,"column":4},"end":{"line":141,"column":8}},"48":{"start":{"line":138,"column":32},"end":{"line":141,"column":5}},"49":{"start":{"line":142,"column":4},"end":{"line":142,"column":36}},"50":{"start":{"line":146,"column":4},"end":{"line":146,"column":29}},"51":{"start":{"line":150,"column":4},"end":{"line":158,"column":8}},"52":{"start":{"line":150,"column":32},"end":{"line":158,"column":5}},"53":{"start":{"line":155,"column":8},"end":{"line":155,"column":64}},"54":{"start":{"line":159,"column":4},"end":{"line":159,"column":30}},"55":{"start":{"line":163,"column":4},"end":{"line":165,"column":7}},"56":{"start":{"line":169,"column":101},"end":{"line":169,"column":111}},"57":{"start":{"line":170,"column":23},"end":{"line":170,"column":63}},"58":{"start":{"line":172,"column":4},"end":{"line":216,"column":6}}},"fnMap":{"0":{"name":"(anonymous_0)","decl":{"start":{"line":14,"column":13},"end":{"line":14,"column":14}},"loc":{"start":{"line":15,"column":2},"end":{"line":20,"column":18}},"line":15},"1":{"name":"(anonymous_1)","decl":{"start":{"line":23,"column":17},"end":{"line":23,"column":18}},"loc":{"start":{"line":24,"column":2},"end":{"line":29,"column":18}},"line":24},"2":{"name":"(anonymous_2)","decl":{"start":{"line":33,"column":2},"end":{"line":33,"column":3}},"loc":{"start":{"line":33,"column":21},"end":{"line":50,"column":3}},"line":33},"3":{"name":"(anonymous_3)","decl":{"start":{"line":52,"column":2},"end":{"line":52,"column":3}},"loc":{"start":{"line":52,"column":22},"end":{"line":93,"column":3}},"line":52},"4":{"name":"(anonymous_4)","decl":{"start":{"line":55,"column":34},"end":{"line":55,"column":35}},"loc":{"start":{"line":55,"column":63},"end":{"line":68,"column":5}},"line":55},"5":{"name":"(anonymous_5)","decl":{"start":{"line":56,"column":36},"end":{"line":56,"column":37}},"loc":{"start":{"line":56,"column":46},"end":{"line":56,"column":74}},"line":56},"6":{"name":"(anonymous_6)","decl":{"start":{"line":57,"column":40},"end":{"line":57,"column":41}},"loc":{"start":{"line":57,"column":50},"end":{"line":57,"column":78}},"line":57},"7":{"name":"(anonymous_7)","decl":{"start":{"line":60,"column":20},"end":{"line":60,"column":21}},"loc":{"start":{"line":60,"column":34},"end":{"line":65,"column":7}},"line":60},"8":{"name":"(anonymous_8)","decl":{"start":{"line":70,"column":36},"end":{"line":70,"column":37}},"loc":{"start":{"line":70,"column":48},"end":{"line":76,"column":5}},"line":70},"9":{"name":"(anonymous_9)","decl":{"start":{"line":78,"column":30},"end":{"line":78,"column":31}},"loc":{"start":{"line":78,"column":36},"end":{"line":82,"column":5}},"line":78},"10":{"name":"(anonymous_10)","decl":{"start":{"line":84,"column":32},"end":{"line":84,"column":33}},"loc":{"start":{"line":84,"column":38},"end":{"line":90,"column":5}},"line":84},"11":{"name":"(anonymous_11)","decl":{"start":{"line":95,"column":2},"end":{"line":95,"column":3}},"loc":{"start":{"line":95,"column":25},"end":{"line":98,"column":3}},"line":95},"12":{"name":"(anonymous_12)","decl":{"start":{"line":100,"column":2},"end":{"line":100,"column":3}},"loc":{"start":{"line":100,"column":35},"end":{"line":113,"column":3}},"line":100},"13":{"name":"(anonymous_13)","decl":{"start":{"line":115,"column":17},"end":{"line":115,"column":18}},"loc":{"start":{"line":115,"column":24},"end":{"line":118,"column":3}},"line":115},"14":{"name":"(anonymous_14)","decl":{"start":{"line":120,"column":21},"end":{"line":120,"column":22}},"loc":{"start":{"line":120,"column":31},"end":{"line":134,"column":3}},"line":120},"15":{"name":"(anonymous_15)","decl":{"start":{"line":136,"column":15},"end":{"line":136,"column":16}},"loc":{"start":{"line":136,"column":22},"end":{"line":143,"column":3}},"line":136},"16":{"name":"(anonymous_16)","decl":{"start":{"line":138,"column":18},"end":{"line":138,"column":19}},"loc":{"start":{"line":138,"column":32},"end":{"line":141,"column":5}},"line":138},"17":{"name":"(anonymous_17)","decl":{"start":{"line":145,"column":15},"end":{"line":145,"column":16}},"loc":{"start":{"line":145,"column":21},"end":{"line":147,"column":3}},"line":145},"18":{"name":"(anonymous_18)","decl":{"start":{"line":149,"column":16},"end":{"line":149,"column":17}},"loc":{"start":{"line":149,"column":22},"end":{"line":160,"column":3}},"line":149},"19":{"name":"(anonymous_19)","decl":{"start":{"line":150,"column":18},"end":{"line":150,"column":19}},"loc":{"start":{"line":150,"column":32},"end":{"line":158,"column":5}},"line":150},"20":{"name":"(anonymous_20)","decl":{"start":{"line":154,"column":31},"end":{"line":154,"column":32}},"loc":{"start":{"line":155,"column":8},"end":{"line":155,"column":64}},"line":155},"21":{"name":"(anonymous_21)","decl":{"start":{"line":162,"column":25},"end":{"line":162,"column":26}},"loc":{"start":{"line":162,"column":45},"end":{"line":166,"column":3}},"line":162},"22":{"name":"(anonymous_22)","decl":{"start":{"line":168,"column":2},"end":{"line":168,"column":3}},"loc":{"start":{"line":168,"column":11},"end":{"line":217,"column":3}},"line":168}},"branchMap":{"0":{"loc":{"start":{"line":62,"column":17},"end":{"line":62,"column":57}},"type":"cond-expr","locations":[{"start":{"line":62,"column":33},"end":{"line":62,"column":37}},{"start":{"line":62,"column":40},"end":{"line":62,"column":57}}],"line":62},"1":{"loc":{"start":{"line":67,"column":6},"end":{"line":67,"column":44}},"type":"if","locations":[{"start":{"line":67,"column":6},"end":{"line":67,"column":44}},{"start":{"line":67,"column":6},"end":{"line":67,"column":44}}],"line":67},"2":{"loc":{"start":{"line":87,"column":6},"end":{"line":89,"column":7}},"type":"if","locations":[{"start":{"line":87,"column":6},"end":{"line":89,"column":7}},{"start":{"line":87,"column":6},"end":{"line":89,"column":7}}],"line":87},"3":{"loc":{"start":{"line":87,"column":10},"end":{"line":87,"column":36}},"type":"binary-expr","locations":[{"start":{"line":87,"column":10},"end":{"line":87,"column":22}},{"start":{"line":87,"column":26},"end":{"line":87,"column":36}}],"line":87},"4":{"loc":{"start":{"line":101,"column":4},"end":{"line":112,"column":5}},"type":"switch","locations":[{"start":{"line":102,"column":6},"end":{"line":104,"column":14}},{"start":{"line":105,"column":6},"end":{"line":107,"column":14}},{"start":{"line":108,"column":6},"end":{"line":110,"column":14}},{"start":{"line":111,"column":6},"end":{"line":111,"column":14}}],"line":101},"5":{"loc":{"start":{"line":170,"column":23},"end":{"line":170,"column":63}},"type":"binary-expr","locations":[{"start":{"line":170,"column":23},"end":{"line":170,"column":57}},{"start":{"line":170,"column":61},"end":{"line":170,"column":63}}],"line":170},"6":{"loc":{"start":{"line":179,"column":9},"end":{"line":190,"column":9}},"type":"cond-expr","locations":[{"start":{"line":180,"column":10},"end":{"line":185,"column":41}},{"start":{"line":187,"column":10},"end":{"line":189,"column":47}}],"line":179},"7":{"loc":{"start":{"line":199,"column":11},"end":{"line":206,"column":11}},"type":"binary-expr","locations":[{"start":{"line":199,"column":11},"end":{"line":199,"column":15}},{"start":{"line":200,"column":12},"end":{"line":205,"column":19}}],"line":199},"8":{"loc":{"start":{"line":207,"column":11},"end":{"line":213,"column":11}},"type":"binary-expr","locations":[{"start":{"line":207,"column":11},"end":{"line":207,"column":23}},{"start":{"line":208,"column":12},"end":{"line":212,"column":23}}],"line":207}},"s":{"0":1,"1":0,"2":1,"3":0,"4":0,"5":0,"6":0,"7":0,"8":0,"9":0,"10":0,"11":0,"12":0,"13":0,"14":0,"15":0,"16":0,"17":0,"18":0,"19":0,"20":0,"21":0,"22":0,"23":0,"24":0,"25":0,"26":0,"27":0,"28":0,"29":0,"30":0,"31":0,"32":0,"33":0,"34":0,"35":0,"36":0,"37":0,"38":0,"39":0,"40":0,"41":0,"42":0,"43":0,"44":0,"45":0,"46":0,"47":0,"48":0,"49":0,"50":0,"51":0,"52":0,"53":0,"54":0,"55":0,"56":0,"57":0,"58":0},"f":{"0":0,"1":0,"2":0,"3":0,"4":0,"5":0,"6":0,"7":0,"8":0,"9":0,"10":0,"11":0,"12":0,"13":0,"14":0,"15":0,"16":0,"17":0,"18":0,"19":0,"20":0,"21":0,"22":0},"b":{"0":[0,0],"1":[0,0],"2":[0,0],"3":[0,0],"4":[0,0,0,0],"5":[0,0],"6":[0,0],"7":[0,0],"8":[0,0]},"_coverageSchema":"332fd63041d2c1bcb487cc26dd0d5f7d97098a6c","hash":"06b6decb88e12f5809b2ab86cd1b6d507ba51206"}
}
