TN:
SF:/home/travis/build/IFS49F/poker/src/googleAnalytics.js
FN:2,googleAnalytics
FN:4,(anonymous_1)
FN:4,(anonymous_2)
FNF:3
FNH:0
FNDA:0,googleAnalytics
FNDA:0,(anonymous_1)
FNDA:0,(anonymous_2)
DA:1,0
DA:3,0
DA:4,0
DA:5,0
DA:6,0
DA:9,0
DA:10,0
LF:7
LH:0
BRDA:3,0,0,0
BRDA:3,0,1,0
BRDA:3,1,0,0
BRDA:3,1,1,0
BRDA:4,2,0,0
BRDA:4,2,1,0
BRDA:5,3,0,0
BRDA:5,3,1,0
BRF:8
BRH:0
end_of_record
TN:
SF:/home/travis/build/IFS49F/poker/src/index.js
FN:7,_interopRequireDefault
FNF:1
FNH:0
FNDA:0,_interopRequireDefault
DA:1,0
DA:2,0
DA:3,0
DA:5,0
DA:6,0
DA:7,0
DA:9,0
DA:11,0
DA:16,0
LF:9
LH:0
BRDA:7,0,0,0
BRDA:7,0,1,0
BRDA:7,1,0,0
BRDA:7,1,1,0
BRF:4
BRH:0
end_of_record
TN:
SF:/home/travis/build/IFS49F/poker/src/registerServiceWorker.js
FN:52,register
FN:52,(anonymous_1)
FN:52,(anonymous_2)
FN:52,(anonymous_3)
FN:52,(anonymous_4)
FN:59,(anonymous_5)
FN:59,unregister
FN:59,(anonymous_7)
FNF:8
FNH:0
FNDA:0,register
FNDA:0,(anonymous_1)
FNDA:0,(anonymous_2)
FNDA:0,(anonymous_3)
FNDA:0,(anonymous_4)
FNDA:0,(anonymous_5)
FNDA:0,unregister
FNDA:0,(anonymous_7)
DA:1,0
DA:11,0
DA:52,0
DA:56,0
DA:59,0
LF:5
LH:0
BRDA:52,0,0,0
BRDA:52,0,1,0
BRDA:52,1,0,0
BRDA:52,1,1,0
BRDA:52,2,0,0
BRDA:52,2,1,0
BRDA:52,3,0,0
BRDA:52,3,1,0
BRDA:59,4,0,0
BRDA:59,4,1,0
BRF:10
BRH:0
end_of_record
TN:
SF:/home/travis/build/IFS49F/poker/src/components/Actions/Actions.js
FN:6,(anonymous_0)
FN:12,(anonymous_1)
FN:13,(anonymous_2)
FNF:3
FNH:3
FNDA:70,(anonymous_0)
FNDA:5,(anonymous_1)
FNDA:70,(anonymous_2)
DA:6,2
DA:7,70
DA:12,2
DA:13,5
DA:14,70
DA:15,70
DA:22,5
LF:7
LH:7
BRDA:7,0,0,20
BRDA:7,0,1,50
BRDA:28,1,0,1
BRDA:28,1,1,4
BRF:4
BRH:4
end_of_record
TN:
SF:/home/travis/build/IFS49F/poker/src/components/Card/Card.js
FN:5,(anonymous_0)
FNF:1
FNH:1
FNDA:6,(anonymous_0)
DA:5,3
DA:6,6
DA:8,6
LF:3
LH:3
BRDA:12,0,0,4
BRDA:12,0,1,2
BRDA:14,1,0,1
BRDA:14,1,1,1
BRF:4
BRH:4
end_of_record
TN:
SF:/home/travis/build/IFS49F/poker/src/components/Join/Join.js
FN:5,(anonymous_0)
FN:12,(anonymous_1)
FN:18,(anonymous_2)
FN:23,(anonymous_3)
FNF:4
FNH:4
FNDA:4,(anonymous_0)
FNDA:1,(anonymous_1)
FNDA:1,(anonymous_2)
FNDA:5,(anonymous_3)
DA:6,4
DA:7,4
DA:13,1
DA:19,1
DA:20,1
DA:24,5
LF:6
LH:6
BRF:0
BRH:0
end_of_record
TN:
SF:/home/travis/build/IFS49F/poker/src/components/Notification/Notification.js
FN:4,(anonymous_0)
FNF:1
FNH:1
FNDA:4,(anonymous_0)
DA:4,2
DA:5,4
LF:2
LH:2
BRF:0
BRH:0
end_of_record
TN:
SF:/home/travis/build/IFS49F/poker/src/components/Share/Share.js
FN:7,(anonymous_0)
FN:14,(anonymous_1)
FN:21,(anonymous_2)
FN:25,(anonymous_3)
FN:33,(anonymous_4)
FNF:5
FNH:5
FNDA:4,(anonymous_0)
FNDA:1,(anonymous_1)
FNDA:1,(anonymous_2)
FNDA:6,(anonymous_3)
FNDA:5,(anonymous_4)
DA:4,2
DA:8,4
DA:9,4
DA:15,1
DA:16,1
DA:17,1
DA:18,1
DA:22,1
DA:26,6
DA:27,6
DA:28,6
DA:30,6
DA:33,5
LF:13
LH:13
BRF:0
BRH:0
end_of_record
TN:
SF:/home/travis/build/IFS49F/poker/src/components/SpeechBallon/SpeechBallon.js
FN:5,(anonymous_0)
FNF:1
FNH:1
FNDA:2,(anonymous_0)
DA:5,3
DA:6,2
DA:8,2
LF:3
LH:3
BRF:0
BRH:0
end_of_record
TN:
SF:/home/travis/build/IFS49F/poker/src/components/Summary/Summary.js
FN:4,(anonymous_0)
FN:8,(anonymous_1)
FN:18,(anonymous_2)
FN:19,(anonymous_3)
FN:22,(anonymous_4)
FN:23,(anonymous_5)
FN:24,(anonymous_6)
FN:25,(anonymous_7)
FNF:8
FNH:4
FNDA:4,(anonymous_0)
FNDA:20,(anonymous_1)
FNDA:8,(anonymous_2)
FNDA:12,(anonymous_3)
FNDA:0,(anonymous_4)
FNDA:0,(anonymous_5)
FNDA:0,(anonymous_6)
FNDA:0,(anonymous_7)
DA:4,2
DA:5,4
DA:6,4
DA:9,20
DA:10,16
DA:11,4
DA:13,12
DA:16,4
DA:18,8
DA:20,12
DA:22,0
DA:23,0
DA:24,0
DA:25,0
DA:32,4
LF:15
LH:11
BRDA:9,0,0,4
BRDA:9,0,1,16
BRDA:9,1,0,20
BRDA:9,1,1,20
BRDA:9,1,2,16
BRDA:10,2,0,4
BRDA:10,2,1,12
BRF:7
BRH:7
end_of_record
TN:
SF:/home/travis/build/IFS49F/poker/src/components/Votes/Votes.js
FN:9,(anonymous_0)
FN:11,(anonymous_1)
FN:20,(anonymous_2)
FN:29,(anonymous_3)
FN:38,(anonymous_4)
FN:41,(anonymous_5)
FN:42,(anonymous_6)
FNF:7
FNH:3
FNDA:0,(anonymous_0)
FNDA:0,(anonymous_1)
FNDA:0,(anonymous_2)
FNDA:0,(anonymous_3)
FNDA:4,(anonymous_4)
FNDA:16,(anonymous_5)
FNDA:16,(anonymous_6)
DA:7,2
DA:9,0
DA:11,2
DA:12,0
DA:20,2
DA:21,0
DA:29,2
DA:30,0
DA:38,2
DA:39,4
DA:41,16
DA:43,16
DA:69,4
LF:13
LH:9
BRDA:7,0,0,2
BRDA:7,0,1,0
BRDA:7,1,0,2
BRDA:7,1,1,2
BRDA:46,2,0,16
BRDA:46,2,1,0
BRDA:48,3,0,16
BRDA:48,3,1,0
BRDA:55,4,0,16
BRDA:55,4,1,0
BRDA:55,4,2,0
BRDA:72,5,0,4
BRDA:72,5,1,3
BRDA:76,6,0,3
BRDA:76,6,1,0
BRDA:78,7,0,3
BRDA:78,7,1,3
BRDA:85,8,0,3
BRDA:85,8,1,0
BRDA:85,8,2,0
BRF:20
BRH:12
end_of_record
TN:
SF:/home/travis/build/IFS49F/poker/src/lib/constants.js
FNF:0
FNH:0
DA:1,2
LF:1
LH:1
BRF:0
BRH:0
end_of_record
TN:
SF:/home/travis/build/IFS49F/poker/src/lib/player-state-pinger.js
FN:2,(anonymous_0)
FN:7,(anonymous_1)
FN:11,(anonymous_2)
FN:17,(anonymous_3)
FN:18,(anonymous_4)
FN:30,(anonymous_5)
FNF:6
FNH:3
FNDA:1,(anonymous_0)
FNDA:0,(anonymous_1)
FNDA:0,(anonymous_2)
FNDA:1,(anonymous_3)
FNDA:1,(anonymous_4)
FNDA:0,(anonymous_5)
DA:3,1
DA:4,1
DA:8,0
DA:9,0
DA:10,0
DA:11,0
DA:12,0
DA:13,0
DA:18,1
DA:31,0
DA:32,0
DA:33,0
LF:12
LH:3
BRDA:7,0,0,0
BRDA:9,1,0,0
BRDA:9,1,1,0
BRDA:10,2,0,0
BRDA:10,2,1,0
BRDA:30,3,0,0
BRDA:32,4,0,0
BRDA:32,4,1,0
BRF:8
BRH:0
end_of_record
TN:
SF:/home/travis/build/IFS49F/poker/src/pages/App/App.js
FN:7,(anonymous_0)
FNF:1
FNH:1
FNDA:1,(anonymous_0)
DA:7,1
DA:8,1
LF:2
LH:2
BRF:0
BRH:0
end_of_record
TN:
SF:/home/travis/build/IFS49F/poker/src/pages/Landing/Landing.js
FN:7,(anonymous_0)
FN:15,(anonymous_1)
FN:21,(anonymous_2)
FN:27,(anonymous_3)
FNF:4
FNH:4
FNDA:7,(anonymous_0)
FNDA:1,(anonymous_1)
FNDA:2,(anonymous_2)
FNDA:10,(anonymous_3)
DA:8,7
DA:9,7
DA:16,1
DA:22,2
DA:23,2
DA:24,2
DA:28,10
DA:32,10
LF:8
LH:8
BRDA:23,0,0,2
BRDA:23,0,1,1
BRF:2
BRH:2
end_of_record
TN:
SF:/home/travis/build/IFS49F/poker/src/pages/Room/Room.js
FN:14,(anonymous_0)
FN:23,(anonymous_1)
FN:33,(anonymous_2)
FN:52,(anonymous_3)
FN:55,(anonymous_4)
FN:56,(anonymous_5)
FN:57,(anonymous_6)
FN:60,(anonymous_7)
FN:70,(anonymous_8)
FN:78,(anonymous_9)
FN:84,(anonymous_10)
FN:95,(anonymous_11)
FN:100,(anonymous_12)
FN:115,(anonymous_13)
FN:120,(anonymous_14)
FN:136,(anonymous_15)
FN:138,(anonymous_16)
FN:145,(anonymous_17)
FN:149,(anonymous_18)
FN:150,(anonymous_19)
FN:154,(anonymous_20)
FN:162,(anonymous_21)
FN:168,(anonymous_22)
FNF:23
FNH:0
FNDA:0,(anonymous_0)
FNDA:0,(anonymous_1)
FNDA:0,(anonymous_2)
FNDA:0,(anonymous_3)
FNDA:0,(anonymous_4)
FNDA:0,(anonymous_5)
FNDA:0,(anonymous_6)
FNDA:0,(anonymous_7)
FNDA:0,(anonymous_8)
FNDA:0,(anonymous_9)
FNDA:0,(anonymous_10)
FNDA:0,(anonymous_11)
FNDA:0,(anonymous_12)
FNDA:0,(anonymous_13)
FNDA:0,(anonymous_14)
FNDA:0,(anonymous_15)
FNDA:0,(anonymous_16)
FNDA:0,(anonymous_17)
FNDA:0,(anonymous_18)
FNDA:0,(anonymous_19)
FNDA:0,(anonymous_20)
FNDA:0,(anonymous_21)
FNDA:0,(anonymous_22)
DA:14,1
DA:15,0
DA:23,1
DA:24,0
DA:34,0
DA:35,0
DA:47,0
DA:48,0
DA:49,0
DA:53,0
DA:55,0
DA:56,0
DA:57,0
DA:58,0
DA:60,0
DA:67,0
DA:70,0
DA:71,0
DA:78,0
DA:79,0
DA:84,0
DA:85,0
DA:86,0
DA:87,0
DA:88,0
DA:92,0
DA:96,0
DA:97,0
DA:101,0
DA:103,0
DA:104,0
DA:106,0
DA:107,0
DA:109,0
DA:110,0
DA:116,0
DA:117,0
DA:121,0
DA:122,0
DA:123,0
DA:132,0
DA:133,0
DA:137,0
DA:138,0
DA:142,0
DA:146,0
DA:150,0
DA:155,0
DA:159,0
DA:163,0
DA:169,0
DA:170,0
DA:172,0
LF:53
LH:2
BRDA:62,0,0,0
BRDA:62,0,1,0
BRDA:67,1,0,0
BRDA:67,1,1,0
BRDA:87,2,0,0
BRDA:87,2,1,0
BRDA:87,3,0,0
BRDA:87,3,1,0
BRDA:101,4,0,0
BRDA:101,4,1,0
BRDA:101,4,2,0
BRDA:101,4,3,0
BRDA:170,5,0,0
BRDA:170,5,1,0
BRDA:179,6,0,0
BRDA:179,6,1,0
BRDA:199,7,0,0
BRDA:199,7,1,0
BRDA:207,8,0,0
BRDA:207,8,1,0
BRF:20
BRH:0
end_of_record
